<?xml version="1.0" encoding="UTF-8"?><testsuite errors="0" failures="0" name="io.cucumber.core.plugin.JUnitFormatter" skipped="0" tests="1" time="30.109">
<testcase classname="Search Delta Airline product" name="User Can Search Delta Airline product" time="29.516">
<system-out><![CDATA[Given :user in Delta HomePage...............................................passed
Then :user can click search button..........................................passed
Then :User Can enter "AUS" in searchBox.....................................passed
Then :user can click searchField search button..............................passed
Then :user can click Cashless airport.......................................passed
And :user can validate Cashless.............................................passed
]]></system-out>
</testcase>
</testsuite>
